c:\users\yili luo\documents\visual studio 2015\projects\mfcopengl\mfcopengl\debug\mfcopengl.pch
c:\users\yili luo\documents\visual studio 2015\projects\mfcopengl\mfcopengl\debug\vc140.pdb
c:\users\yili luo\documents\visual studio 2015\projects\mfcopengl\mfcopengl\debug\vc140.idb
c:\users\yili luo\documents\visual studio 2015\projects\mfcopengl\mfcopengl\debug\stdafx.obj
c:\users\yili luo\documents\visual studio 2015\projects\mfcopengl\mfcopengl\debug\drawtool.obj
c:\users\yili luo\documents\visual studio 2015\projects\mfcopengl\mfcopengl\debug\graph_algorithm.obj
c:\users\yili luo\documents\visual studio 2015\projects\mfcopengl\mfcopengl\debug\mainfrm.obj
c:\users\yili luo\documents\visual studio 2015\projects\mfcopengl\mfcopengl\debug\mfcopengl.obj
c:\users\yili luo\documents\visual studio 2015\projects\mfcopengl\mfcopengl\debug\mfcopengldoc.obj
c:\users\yili luo\documents\visual studio 2015\projects\mfcopengl\mfcopengl\debug\mfcopenglview.obj
c:\users\yili luo\documents\visual studio 2015\projects\mfcopengl\mfcopengl\debug\point3d.obj
c:\users\yili luo\documents\visual studio 2015\projects\mfcopengl\mfcopengl\debug\rotatedlg.obj
c:\users\yili luo\documents\visual studio 2015\projects\mfcopengl\mfcopengl\debug\g3dgraph.obj
c:\users\yili luo\documents\visual studio 2015\projects\mfcopengl\mfcopengl\debug\gcircle.obj
c:\users\yili luo\documents\visual studio 2015\projects\mfcopengl\mfcopengl\debug\gcurve.obj
c:\users\yili luo\documents\visual studio 2015\projects\mfcopengl\mfcopengl\debug\gellipse.obj
c:\users\yili luo\documents\visual studio 2015\projects\mfcopengl\mfcopengl\debug\gfill.obj
c:\users\yili luo\documents\visual studio 2015\projects\mfcopengl\mfcopengl\debug\gline.obj
c:\users\yili luo\documents\visual studio 2015\projects\mfcopengl\mfcopengl\debug\gmulticurve.obj
c:\users\yili luo\documents\visual studio 2015\projects\mfcopengl\mfcopengl\debug\gpolygon.obj
c:\users\yili luo\documents\visual studio 2015\projects\mfcopengl\mfcopengl\debug\graph.obj
c:\users\yili luo\documents\visual studio 2015\projects\mfcopengl\mfcopengl\debug\grect.obj
c:\users\yili luo\documents\visual studio 2015\projects\mfcopengl\mfcopengl\debug\pixels.obj
c:\users\yili luo\documents\visual studio 2015\projects\mfcopengl\debug\mfcopengl.ilk
c:\users\yili luo\documents\visual studio 2015\projects\mfcopengl\debug\mfcopengl.exe
c:\users\yili luo\documents\visual studio 2015\projects\mfcopengl\debug\mfcopengl.pdb
c:\users\yili luo\documents\visual studio 2015\projects\mfcopengl\mfcopengl\debug\mfcopengl.res
c:\users\yili luo\documents\visual studio 2015\projects\mfcopengl\mfcopengl\debug\mfcopengl.tlog\cl.command.1.tlog
c:\users\yili luo\documents\visual studio 2015\projects\mfcopengl\mfcopengl\debug\mfcopengl.tlog\cl.read.1.tlog
c:\users\yili luo\documents\visual studio 2015\projects\mfcopengl\mfcopengl\debug\mfcopengl.tlog\cl.write.1.tlog
c:\users\yili luo\documents\visual studio 2015\projects\mfcopengl\mfcopengl\debug\mfcopengl.tlog\link.command.1.tlog
c:\users\yili luo\documents\visual studio 2015\projects\mfcopengl\mfcopengl\debug\mfcopengl.tlog\link.read.1.tlog
c:\users\yili luo\documents\visual studio 2015\projects\mfcopengl\mfcopengl\debug\mfcopengl.tlog\link.write.1.tlog
c:\users\yili luo\documents\visual studio 2015\projects\mfcopengl\mfcopengl\debug\mfcopengl.tlog\rc.command.1.tlog
c:\users\yili luo\documents\visual studio 2015\projects\mfcopengl\mfcopengl\debug\mfcopengl.tlog\rc.read.1.tlog
c:\users\yili luo\documents\visual studio 2015\projects\mfcopengl\mfcopengl\debug\mfcopengl.tlog\rc.write.1.tlog
